[debug] [2026-01-12T04:19:16.640Z] ----------------------------------------------------------------------
[debug] [2026-01-12T04:19:16.643Z] Command:       C:\Program Files\nodejs\node.exe C:\Users\My DELL\AppData\Roaming\npm\node_modules\firebase-tools\lib\bin\firebase.js init
[debug] [2026-01-12T04:19:16.644Z] CLI Version:   15.2.1
[debug] [2026-01-12T04:19:16.644Z] Platform:      win32
[debug] [2026-01-12T04:19:16.644Z] Node Version:  v24.12.0
[debug] [2026-01-12T04:19:16.644Z] Time:          Mon Jan 12 2026 05:19:16 GMT+0100 (غرينتش+01:00)
[debug] [2026-01-12T04:19:16.644Z] ----------------------------------------------------------------------
[debug] 
[info] 
     ######## #### ########  ######## ########     ###     ######  ########
     ##        ##  ##     ## ##       ##     ##  ##   ##  ##       ##
     ######    ##  ########  ######   ########  #########  ######  ######
     ##        ##  ##    ##  ##       ##     ## ##     ##       ## ##
     ##       #### ##     ## ######## ########  ##     ##  ######  ########

You're about to initialize a Firebase project in this directory:

  C:\Users\My DELL\Downloads\darijapro-ai-video-editor

[info] 
=== Project Setup
[info] 
[info] First, let's associate this project directory with a Firebase project.
[info] You can create multiple project aliases by running firebase use --add, 
[info] 
[info] i  If you want to create a project in a Google Cloud organization or folder, please use "firebase projects:create" instead, and return to this command when you've created the project. 
[debug] [2026-01-12T04:19:28.938Z] > command requires scopes: ["email","openid","https://www.googleapis.com/auth/cloudplatformprojects.readonly","https://www.googleapis.com/auth/firebase","https://www.googleapis.com/auth/cloud-platform"]
[debug] [2026-01-12T04:19:28.939Z] > authorizing via signed-in user (zsdfqwe7@gmail.com)
[debug] [2026-01-12T04:19:44.858Z] Checked if tokens are valid: true, expires at: 1768195048810
[debug] [2026-01-12T04:19:44.859Z] Checked if tokens are valid: true, expires at: 1768195048810
[debug] [2026-01-12T04:19:44.860Z] >>> [apiv2][query] POST https://firebase.googleapis.com/v1/projects:checkProjectId [none]
[debug] [2026-01-12T04:19:44.860Z] >>> [apiv2][body] POST https://firebase.googleapis.com/v1/projects:checkProjectId {"proposedId":"DARIJAPRO"}
[debug] [2026-01-12T04:19:45.428Z] <<< [apiv2][status] POST https://firebase.googleapis.com/v1/projects:checkProjectId 200
[debug] [2026-01-12T04:19:45.428Z] <<< [apiv2][body] POST https://firebase.googleapis.com/v1/projects:checkProjectId {"projectIdStatus":"PROJECT_ID_NOT_VALID","suggestedProjectId":"darijapro-b7860"}
[debug] [2026-01-12T04:20:01.112Z] Checked if tokens are valid: true, expires at: 1768195048810
[debug] [2026-01-12T04:20:01.112Z] Checked if tokens are valid: true, expires at: 1768195048810
[debug] [2026-01-12T04:20:01.113Z] >>> [apiv2][query] POST https://firebase.googleapis.com/v1/projects:checkProjectId [none]
[debug] [2026-01-12T04:20:01.113Z] >>> [apiv2][body] POST https://firebase.googleapis.com/v1/projects:checkProjectId {"proposedId":"darija"}
[debug] [2026-01-12T04:20:01.620Z] <<< [apiv2][status] POST https://firebase.googleapis.com/v1/projects:checkProjectId 200
[debug] [2026-01-12T04:20:01.620Z] <<< [apiv2][body] POST https://firebase.googleapis.com/v1/projects:checkProjectId {"projectIdStatus":"PROJECT_ID_UNAVAILABLE","suggestedProjectId":"darija-4d917"}
[debug] [2026-01-12T04:20:11.680Z] Checked if tokens are valid: true, expires at: 1768195048810
[debug] [2026-01-12T04:20:11.680Z] Checked if tokens are valid: true, expires at: 1768195048810
[debug] [2026-01-12T04:20:11.681Z] >>> [apiv2][query] POST https://firebase.googleapis.com/v1/projects:checkProjectId [none]
[debug] [2026-01-12T04:20:11.681Z] >>> [apiv2][body] POST https://firebase.googleapis.com/v1/projects:checkProjectId {"proposedId":"darija_tet"}
[debug] [2026-01-12T04:20:11.877Z] <<< [apiv2][status] POST https://firebase.googleapis.com/v1/projects:checkProjectId 400
[debug] [2026-01-12T04:20:11.877Z] <<< [apiv2][body] POST https://firebase.googleapis.com/v1/projects:checkProjectId {"error":{"code":400,"message":"Request contains an invalid argument.","status":"INVALID_ARGUMENT"}}
[debug] [2026-01-12T04:20:11.877Z] Couldn't check if project ID darija_tet is available. Original error: FirebaseError: Failed to check if project ID is available. See firebase-debug.log for more info.
[debug] [2026-01-12T04:20:35.100Z] Checked if tokens are valid: true, expires at: 1768195048810
[debug] [2026-01-12T04:20:35.100Z] Checked if tokens are valid: true, expires at: 1768195048810
[debug] [2026-01-12T04:20:35.100Z] >>> [apiv2][query] POST https://cloudresourcemanager.googleapis.com/v1/projects [none]
[debug] [2026-01-12T04:20:35.100Z] >>> [apiv2][body] POST https://cloudresourcemanager.googleapis.com/v1/projects {"projectId":"darija_tet","name":"darija_tet"}
[debug] [2026-01-12T04:20:35.845Z] <<< [apiv2][status] POST https://cloudresourcemanager.googleapis.com/v1/projects 400
[debug] [2026-01-12T04:20:35.845Z] <<< [apiv2][body] POST https://cloudresourcemanager.googleapis.com/v1/projects {"error":{"code":400,"message":"Request contains an invalid argument.","status":"INVALID_ARGUMENT","details":[{"@type":"type.googleapis.com/google.rpc.BadRequest","fieldViolations":[{"field":"project_id","description":"project_id contains invalid characters"},{"field":"display_name","description":"project display name contains invalid characters"}]},{"@type":"type.googleapis.com/google.rpc.Help","links":[{"url":"https://cloud.google.com/resource-manager/reference/rest/v1/projects"}]}]}}
[debug] [2026-01-12T04:20:35.979Z] FirebaseError: Request to https://cloudresourcemanager.googleapis.com/v1/projects had HTTP Error: 400, Request contains an invalid argument.
    at responseToError (C:\Users\My DELL\AppData\Roaming\npm\node_modules\firebase-tools\lib\responseToError.js:53:12)
    at RetryOperation._fn (C:\Users\My DELL\AppData\Roaming\npm\node_modules\firebase-tools\lib\apiv2.js:320:77)
    at process.processTicksAndRejections (node:internal/process/task_queues:103:5)
[error] 
[error] Error: Failed to create project. See firebase-debug.log for more info.
